<?xml version="1.0" encoding="UTF-8"?>
<testng-results ignored="0" total="1" passed="1" failed="0" skipped="0">
  <reporter-output>
  </reporter-output>
  <suite started-at="2024-08-23T00:47:40 IST" name="Suite" finished-at="2024-08-23T00:48:49 IST" duration-ms="69532">
    <groups>
    </groups>
    <test started-at="2024-08-23T00:47:40 IST" name="Test" finished-at="2024-08-23T00:48:49 IST" duration-ms="69532">
      <class name="com.assignment.TC.TestCase">
        <test-method is-config="true" signature="browserSetup()[pri:0, instance:com.assignment.TC.TestCase@2f4948e4]" started-at="2024-08-23T00:47:40 IST" name="browserSetup" finished-at="2024-08-23T00:47:48 IST" duration-ms="7672" status="PASS">
          <reporter-output>
          </reporter-output>
        </test-method> <!-- browserSetup -->
        <test-method signature="LoginTest()[pri:0, instance:com.assignment.TC.TestCase@2f4948e4]" started-at="2024-08-23T00:47:48 IST" name="LoginTest" finished-at="2024-08-23T00:48:49 IST" duration-ms="61785" status="PASS">
          <reporter-output>
          </reporter-output>
        </test-method> <!-- LoginTest -->
      </class> <!-- com.assignment.TC.TestCase -->
    </test> <!-- Test -->
  </suite> <!-- Suite -->
</testng-results>
